  Using 'git status' to determine working set for adaptive non-unity build (C:\PG-R5\C++\UE-Project\UE4CPP_ObstacleRun).
  Invalidating makefile for SugiyamaG_ObstacleRuEditor (source file removed)
  Parsing headers for SugiyamaG_ObstacleRuEditor
    Running UnrealHeaderTool "C:\PG-R5\C++\UE-Project\UE4CPP_ObstacleRun\SugiyamaG_ObstacleRu\SugiyamaG_ObstacleRu.uproject" "C:\PG-R5\C++\UE-Project\UE4CPP_ObstacleRun\SugiyamaG_ObstacleRu\Intermediate\Build\Win64\SugiyamaG_ObstacleRuEditor\Development\SugiyamaG_ObstacleRuEditor.uhtmanifest" -LogCmds="loginit warning, logexit warning, logdatabase error" -Unattended -WarningsAsErrors -abslog="C:\Users\12105179\AppData\Local\UnrealBuildTool\Log_UHT.txt" -installed
  Reflection code generated for SugiyamaG_ObstacleRuEditor in 6.2291583 seconds
  Building SugiyamaG_ObstacleRuEditor...
  Using Visual Studio 2019 14.34.31942 toolchain (C:\Program Files\Microsoft Visual Studio\2022\Community\VC\Tools\MSVC\14.34.31933) and Windows 10.0.22000.0 SDK (C:\Program Files (x86)\Windows Kits\10).
  Building 10 actions with 12 processes...
    [1/10] SharedPCH.Engine.ShadowErrors.cpp
    Detected compiler newer than Visual Studio 2019, please update min version checking in WindowsPlatformCompilerSetup.h
    [2/10] SugiyamaG_ObstacleRu.cpp
    [3/10] MyCharacter.cpp
    [4/10] SugiyamaG_ObstacleRu.init.gen.cpp
    [5/10] SugiyamaG_ObstacleRuGameModeBase.cpp
    [6/10] MyCharacter.gen.cpp
    [7/10] SugiyamaG_ObstacleRuGameModeBase.gen.cpp
    [8/10] UE4Editor-SugiyamaG_ObstacleRu-0012.lib
       ライブラリ C:\PG-R5\C++\UE-Project\UE4CPP_ObstacleRun\SugiyamaG_ObstacleRu\Intermediate\Build\Win64\UE4Editor\Development\SugiyamaG_ObstacleRu\UE4Editor-SugiyamaG_ObstacleRu-0012.lib とオブジェクト C:\PG-R5\C++\UE-Project\UE4CPP_ObstacleRun\SugiyamaG_ObstacleRu\Intermediate\Build\Win64\UE4Editor\Development\SugiyamaG_ObstacleRu\UE4Editor-SugiyamaG_ObstacleRu-0012.exp を作成中
    [9/10] UE4Editor-SugiyamaG_ObstacleRu-0012.dll
       ライブラリ C:\PG-R5\C++\UE-Project\UE4CPP_ObstacleRun\SugiyamaG_ObstacleRu\Intermediate\Build\Win64\UE4Editor\Development\SugiyamaG_ObstacleRu\UE4Editor-SugiyamaG_ObstacleRu-0012.suppressed.lib とオブジェクト C:\PG-R5\C++\UE-Project\UE4CPP_ObstacleRun\SugiyamaG_ObstacleRu\Intermediate\Build\Win64\UE4Editor\Development\SugiyamaG_ObstacleRu\UE4Editor-SugiyamaG_ObstacleRu-0012.suppressed.exp を作成中
    [10/10] SugiyamaG_ObstacleRuEditor.target
  Total time in Parallel executor: 24.85 seconds
  Total execution time: 33.62 seconds
